<?xml version="1.0" encoding="UTF-8"?>
<!-- Generated by org.testng.reporters.JUnitXMLReporter -->
<testsuite ignored="0" hostname="ATMECSINDT-088" failures="0" tests="7" name="Default test" time="111.071" errors="0" timestamp="30 Sep 2019 14:28:34 GMT">
  <testcase classname="com.atmecs.project.script.VerifyFooter" name="verifyFooter" time="34.555"/>
  <testcase classname="com.atmecs.project.script.VerifyFooter" name="contextMenu" time="0.916"/>
  <testcase classname="com.atmecs.project.script.VerifyFooter" name="contextMenu" time="0.746"/>
  <testcase classname="com.atmecs.project.script.VerifyFooter" name="contextMenu" time="0.679"/>
  <testcase classname="com.atmecs.project.script.VerifyFooter" name="contextMenu" time="0.743"/>
  <testcase classname="com.atmecs.project.script.VerifyFooter" name="contextMenu" time="0.667"/>
  <testcase classname="com.atmecs.project.script.VerifyFooter" name="contextMenu" time="0.777"/>
</testsuite> <!-- Default test -->
