<?xml version="1.0" encoding="UTF-8"?>
<!-- Generated by org.testng.reporters.JUnitXMLReporter -->
<testsuite ignored="2" hostname="ATMECSINDT-088" failures="0" tests="3" name="Test" time="101.246" errors="0" timestamp="30 Sep 2019 13:44:08 GMT">
  <testcase classname="com.atmecs.project.script.SearchBlogs" name="searchLog" time="19.781"/>
  <testcase classname="com.atmecs.project.script.VerifyFooter" name="verifyFooter" time="25.195"/>
  <testcase classname="com.atmecs.project.script.VerifyFooter" name="contextMenu" time="0.83"/>
  <testcase classname="com.atmecs.project.testbase.Browsers" name="@AfterTest browserClose" time="0.0">
    <ignored/>
  </testcase> <!-- @AfterTest browserClose -->
  <testcase classname="com.atmecs.project.testbase.Browsers" name="@BeforeTest browserSetup" time="0.0">
    <ignored/>
  </testcase> <!-- @BeforeTest browserSetup -->
</testsuite> <!-- Test -->
