<?xml version="1.0" encoding="UTF-8"?>
<testng-results ignored="0" total="1" passed="1" failed="0" skipped="0">
  <reporter-output>
  </reporter-output>
  <suite started-at="2019-09-27T15:24:07Z" name="Default suite" finished-at="2019-09-27T15:25:00Z" duration-ms="53449">
    <groups>
    </groups>
    <test started-at="2019-09-27T15:24:07Z" name="Default test" finished-at="2019-09-27T15:25:00Z" duration-ms="53449">
      <class name="com.atmecs.project.script.SearchBlogs">
        <test-method is-config="true" signature="browserSetup()[pri:0, instance:com.atmecs.project.script.SearchBlogs@78b729e6]" started-at="2019-09-27T15:24:07Z" name="browserSetup" finished-at="2019-09-27T15:24:37Z" duration-ms="29976" status="PASS">
          <reporter-output>
          </reporter-output>
        </test-method> <!-- browserSetup -->
        <test-method signature="searchLog(java.lang.String, java.lang.String)[pri:0, instance:com.atmecs.project.script.SearchBlogs@78b729e6]" started-at="2019-09-27T15:24:43Z" name="searchLog" data-provider="inputValue" finished-at="2019-09-27T15:24:59Z" duration-ms="15497" status="PASS">
          <params>
            <param index="0">
              <value>
                <![CDATA[15-Mar-2019]]>
              </value>
            </param>
            <param index="1">
              <value>
                <![CDATA[Debunking Myths about AI]]>
              </value>
            </param>
          </params>
          <reporter-output>
          </reporter-output>
        </test-method> <!-- searchLog -->
        <test-method is-config="true" signature="browserClose()[pri:0, instance:com.atmecs.project.script.SearchBlogs@78b729e6]" started-at="2019-09-27T15:24:59Z" name="browserClose" finished-at="2019-09-27T15:25:00Z" duration-ms="1402" status="PASS">
          <reporter-output>
          </reporter-output>
        </test-method> <!-- browserClose -->
      </class> <!-- com.atmecs.project.script.SearchBlogs -->
    </test> <!-- Default test -->
  </suite> <!-- Default suite -->
</testng-results>
